
[08/22/2021 18:07:01 INF] - Starting Concierge v3.0.0

[08/22/2021 18:08:10 INF] - Starting Concierge v3.0.0
[08/22/2021 18:08:17 ERR] - A generic error occured: Array cannot be null. (Parameter 'bytes')
[08/22/2021 18:08:18 ERR] - A generic error occured: Array cannot be null. (Parameter 'bytes')
[08/22/2021 18:08:19 ERR] - A generic error occured: Array cannot be null. (Parameter 'bytes')
[08/22/2021 18:08:20 ERR] - A generic error occured: Array cannot be null. (Parameter 'bytes')
[08/22/2021 18:08:21 ERR] - A generic error occured: Array cannot be null. (Parameter 'bytes')
[08/22/2021 18:08:22 ERR] - A generic error occured: Array cannot be null. (Parameter 'bytes')
[08/22/2021 18:08:22 INF] - Initialized ModifyPropertiesWindow.
[08/22/2021 18:08:22 INF] - Initialized AutosaveTimer.
[08/22/2021 18:08:23 INF] - Initialized AbilitiesPage.
[08/22/2021 18:08:24 INF] - Navigate to OverviewPage
[08/22/2021 18:08:24 INF] - MainWindow loaded.
[08/22/2021 18:08:30 INF] - Navigate to DetailsPage
[08/22/2021 18:08:31 INF] - Navigate to EquipmentPage
[08/22/2021 18:08:32 INF] - Navigate to AbilitiesPage
[08/22/2021 18:08:33 INF] - Navigate to EquipedItemsPage
[08/22/2021 18:08:34 INF] - Navigate to InventoryPage
[08/22/2021 18:08:34 INF] - Navigate to SpellcastingPage
[08/22/2021 18:08:35 INF] - Navigate to CompanionPage
[08/22/2021 18:08:36 INF] - Navigate to ToolsPage
[08/22/2021 18:08:37 INF] - Navigate to NotesPage
[08/22/2021 18:08:38 INF] - Navigate to OverviewPage
[08/22/2021 18:08:40 INF] - Expand sidebar.
[08/22/2021 18:08:41 INF] - Collapse sidebar.
[08/22/2021 18:08:44 INF] - Open About.
[08/22/2021 18:08:48 INF] - Creating new character sheet.
[08/22/2021 18:08:48 INF] - Stop autosave timer.
[08/22/2021 18:08:50 INF] - Closing Concierge.

[08/22/2021 18:16:15 INF] - Starting Concierge v3.0.0
[08/22/2021 18:16:15 INF] - Weapons loaded successfully.
[08/22/2021 18:16:15 INF] - Ammunition loaded successfully.
[08/22/2021 18:16:15 INF] - Spells loaded successfully.
[08/22/2021 18:16:15 INF] - Items loaded successfully.
[08/22/2021 18:16:15 INF] - Languages loaded successfully.
[08/22/2021 18:16:15 INF] - Languages loaded successfully.
[08/22/2021 18:16:15 INF] - Initialized ModifyPropertiesWindow.
[08/22/2021 18:16:15 INF] - Initialized AutosaveTimer.
[08/22/2021 18:16:15 INF] - Initialized AbilitiesPage.
[08/22/2021 18:16:15 INF] - Navigate to OverviewPage
[08/22/2021 18:16:15 INF] - MainWindow loaded.
[08/22/2021 18:16:23 INF] - Opening character sheet.
[08/22/2021 18:16:36 INF] - Navigate to DetailsPage
[08/22/2021 18:16:37 INF] - Navigate to EquipmentPage
[08/22/2021 18:16:37 INF] - Navigate to AbilitiesPage
[08/22/2021 18:16:38 INF] - Navigate to EquipedItemsPage
[08/22/2021 18:16:41 INF] - Navigate to InventoryPage
[08/22/2021 18:16:53 INF] - Navigate to ToolsPage
[08/22/2021 18:16:54 INF] - Navigate to NotesPage
[08/22/2021 18:16:55 INF] - Navigate to CompanionPage
[08/22/2021 18:17:02 INF] - Closing Concierge.
